{
  "stats": {
    "suites": 2,
    "tests": 2,
    "passes": 2,
    "pending": 0,
    "failures": 0,
    "start": "2026-02-26T05:36:23.907Z",
    "end": "2026-02-26T05:36:31.115Z",
    "duration": 7208,
    "testsRegistered": 2,
    "passPercent": 100,
    "pendingPercent": 0,
    "other": 0,
    "hasOther": false,
    "skipped": 0,
    "hasSkipped": false
  },
  "results": [
    {
      "uuid": "565229f4-6f8f-496f-a0e0-ec4553e5fa0a",
      "title": "",
      "fullFile": "cypress\\e2e\\tests\\demoBBCBranding.cy.js",
      "file": "cypress\\e2e\\tests\\demoBBCBranding.cy.js",
      "beforeHooks": [],
      "afterHooks": [],
      "tests": [],
      "suites": [
        {
          "uuid": "ae798c4b-7207-4a9d-b05b-0f5bc9d36372",
          "title": "BBC Branding Demo",
          "fullFile": "",
          "file": "",
          "beforeHooks": [],
          "afterHooks": [],
          "tests": [],
          "suites": [
            {
              "uuid": "557ae5f6-d2b2-4507-92b3-21d9a60a56e8",
              "title": "1080p resolution",
              "fullFile": "",
              "file": "",
              "beforeHooks": [],
              "afterHooks": [],
              "tests": [
                {
                  "title": "should open BBC Branding and verify the title",
                  "fullTitle": "BBC Branding Demo 1080p resolution should open BBC Branding and verify the title",
                  "timedOut": null,
                  "duration": 6436,
                  "state": "passed",
                  "speed": "medium",
                  "pass": true,
                  "fail": false,
                  "pending": false,
                  "context": null,
                  "code": "// Visit the BBC Branding website\ncy.visit('/');\n// Wait for a specific element to ensure the page is loaded\ncy.get('header').should('be.visible'); // Example: Wait for the header to be visible\n// Verify the title of the page\ncy.title().should('eq', 'Welcome to the BBC Branding site');",
                  "err": {},
                  "uuid": "d101a758-2f45-4cdb-bb83-60e91cf94fd1",
                  "parentUUID": "557ae5f6-d2b2-4507-92b3-21d9a60a56e8",
                  "isHook": false,
                  "skipped": false
                },
                {
                  "title": "should check the presence of the BBC logo",
                  "fullTitle": "BBC Branding Demo 1080p resolution should check the presence of the BBC logo",
                  "timedOut": null,
                  "duration": 722,
                  "state": "passed",
                  "speed": "fast",
                  "pass": true,
                  "fail": false,
                  "pending": false,
                  "context": null,
                  "code": "// Visit the BBC Branding website\ncy.visit('/');\n// Check if the BBC logo is present\ncy.get('#homepage-link').should('exist');",
                  "err": {},
                  "uuid": "99882d01-495b-4d3d-ae9e-8c80795acb7d",
                  "parentUUID": "557ae5f6-d2b2-4507-92b3-21d9a60a56e8",
                  "isHook": false,
                  "skipped": false
                }
              ],
              "suites": [],
              "passes": [
                "d101a758-2f45-4cdb-bb83-60e91cf94fd1",
                "99882d01-495b-4d3d-ae9e-8c80795acb7d"
              ],
              "failures": [],
              "pending": [],
              "skipped": [],
              "duration": 7158,
              "root": false,
              "rootEmpty": false,
              "_timeout": 2000
            }
          ],
          "passes": [],
          "failures": [],
          "pending": [],
          "skipped": [],
          "duration": 0,
          "root": false,
          "rootEmpty": false,
          "_timeout": 2000
        }
      ],
      "passes": [],
      "failures": [],
      "pending": [],
      "skipped": [],
      "duration": 0,
      "root": true,
      "rootEmpty": true,
      "_timeout": 2000
    }
  ],
  "meta": {
    "mocha": {
      "version": "7.2.0"
    },
    "mochawesome": {
      "options": {
        "quiet": false,
        "reportFilename": "[name]-report",
        "saveHtml": true,
        "saveJson": true,
        "consoleReporter": "spec",
        "useInlineDiffs": false,
        "code": true
      },
      "version": "7.1.4"
    },
    "marge": {
      "options": {
        "reportDir": "cypress/reports",
        "overwrite": false,
        "html": true,
        "json": true,
        "charts": true,
        "embeddedScreenshots": true,
        "inlineAssets": true,
        "reportFilename": "[name]-report"
      },
      "version": "6.3.2"
    }
  }
}