{
  "stats": {
    "suites": 1,
    "tests": 1,
    "passes": 1,
    "pending": 0,
    "failures": 0,
    "start": "2026-02-26T05:36:32.124Z",
    "end": "2026-02-26T05:36:36.525Z",
    "duration": 4401,
    "testsRegistered": 1,
    "passPercent": 100,
    "pendingPercent": 0,
    "other": 0,
    "hasOther": false,
    "skipped": 0,
    "hasSkipped": false
  },
  "results": [
    {
      "uuid": "d2bdb85c-9911-40a8-bedb-d006d1b5b457",
      "title": "",
      "fullFile": "cypress\\e2e\\tests\\testHomePage.cy.js",
      "file": "cypress\\e2e\\tests\\testHomePage.cy.js",
      "beforeHooks": [],
      "afterHooks": [],
      "tests": [],
      "suites": [
        {
          "uuid": "81d53f5d-1bbe-4b05-9735-c6860ebbeda1",
          "title": "Home Page Tests",
          "fullFile": "",
          "file": "",
          "beforeHooks": [],
          "afterHooks": [],
          "tests": [
            {
              "title": "should verify that our POM is working",
              "fullTitle": "Home Page Tests should verify that our POM is working",
              "timedOut": null,
              "duration": 4350,
              "state": "passed",
              "speed": "fast",
              "pass": true,
              "fail": false,
              "pending": false,
              "context": null,
              "code": "HomePage.clickBrandingLogo();\nHomePage.searchBBC.should('be.visible').click();",
              "err": {},
              "uuid": "89b7f470-f773-4f72-8737-d34db0f662c2",
              "parentUUID": "81d53f5d-1bbe-4b05-9735-c6860ebbeda1",
              "isHook": false,
              "skipped": false
            }
          ],
          "suites": [],
          "passes": [
            "89b7f470-f773-4f72-8737-d34db0f662c2"
          ],
          "failures": [],
          "pending": [],
          "skipped": [],
          "duration": 4350,
          "root": false,
          "rootEmpty": false,
          "_timeout": 2000
        }
      ],
      "passes": [],
      "failures": [],
      "pending": [],
      "skipped": [],
      "duration": 0,
      "root": true,
      "rootEmpty": true,
      "_timeout": 2000
    }
  ],
  "meta": {
    "mocha": {
      "version": "7.2.0"
    },
    "mochawesome": {
      "options": {
        "quiet": false,
        "reportFilename": "[name]-report",
        "saveHtml": true,
        "saveJson": true,
        "consoleReporter": "spec",
        "useInlineDiffs": false,
        "code": true
      },
      "version": "7.1.4"
    },
    "marge": {
      "options": {
        "reportDir": "cypress/reports",
        "overwrite": false,
        "html": true,
        "json": true,
        "charts": true,
        "embeddedScreenshots": true,
        "inlineAssets": true,
        "reportFilename": "[name]-report"
      },
      "version": "6.3.2"
    }
  }
}